\BOOKMARK [0][-]{chapter.1}{Introduction}{}% 1
\BOOKMARK [1][-]{section.1.1}{One\040Wave}{chapter.1}% 2
\BOOKMARK [1][-]{section.1.2}{Le projet One Wave: Une carte universelle connectée}{chapter.1}% 3
\BOOKMARK [1][-]{section.1.3}{Introduction à la Tokenisation}{chapter.1}% 4
\BOOKMARK [2][-]{subsection.1.3.1}{Définition d'un Token}{section.1.3}% 5
\BOOKMARK [2][-]{subsection.1.3.2}{Pourquoi\040les\040Token?}{section.1.3}% 6
\BOOKMARK [1][-]{section.1.4}{Planning}{chapter.1}% 7
\BOOKMARK [0][-]{chapter.2}{Etude de la spécification EMVCo "Payment Tokenisation Specification", 2014}{}% 8
\BOOKMARK [1][-]{section.2.1}{Token\040Service\040Provider\040et\040Token\040Requestor}{chapter.2}% 9
\BOOKMARK [2][-]{subsection.2.1.1}{Token\040Service\040Provider}{section.2.1}% 10
\BOOKMARK [2][-]{subsection.2.1.2}{Token\040Requestor}{section.2.1}% 11
\BOOKMARK [1][-]{section.2.2}{Les\040Data\040elements}{chapter.2}% 12
\BOOKMARK [1][-]{section.2.3}{Demande et émission de Token}{chapter.2}% 13
\BOOKMARK [2][-]{subsection.2.3.1}{Les méthodes d'Identification et Vérification}{section.2.3}% 14
\BOOKMARK [2][-]{subsection.2.3.2}{Les\040interfaces:\040Token\040Service\040Provider\040APIs}{section.2.3}% 15
\BOOKMARK [1][-]{section.2.4}{Transaction\040EMV\040avec\040Token}{chapter.2}% 16
\BOOKMARK [2][-]{subsection.2.4.1}{Côté client - commerçant}{section.2.4}% 17
\BOOKMARK [2][-]{subsection.2.4.2}{Côté commerçant - autres acteurs de la transaction}{section.2.4}% 18
\BOOKMARK [1][-]{section.2.5}{Acquisition, compensation, règlement}{chapter.2}% 19
\BOOKMARK [2][-]{subsection.2.5.1}{Acquisition\040et\040compensation}{section.2.5}% 20
\BOOKMARK [2][-]{subsection.2.5.2}{Règlement}{section.2.5}% 21
